<?xml version="1.0" encoding="UTF-8"?>
<!-- Generated by org.testng.reporters.JUnitXMLReporter -->
<testsuite hostname="agami-ip37" ignored="0" name="PositiveAlly Test" tests="1" failures="1" timestamp="04 Feb 2020 11:09:24 GMT" time="5.144" errors="0">
  <testcase name="loginTest" time="2.373" classname="com.positiveAlly.testCases.TC_LoginTest_001">
    <failure type="java.lang.NullPointerException">
      <![CDATA[java.lang.NullPointerException
at org.openqa.selenium.support.pagefactory.internal.LocatingElementHandler.invoke(LocatingElementHandler.java:51)
at com.sun.proxy.$Proxy9.sendKeys(Unknown Source)
at com.positiveAlly.pageObjects.LoginPage.setUserName(LoginPage.java:41)
at com.positiveAlly.testCases.TC_LoginTest_001.loginTest(TC_LoginTest_001.java:16)
... Removed 29 stack frames]]>
    </failure>
  </testcase> <!-- loginTest -->
</testsuite> <!-- PositiveAlly Test -->
